<?xml version="1.0" encoding="UTF-8" ?>
<testsuite errors="0" failures="0" hostname="stevens-mbp.ca.com" name="com.stevenckwong.rallyintegration.TestLoginGetNameService" skipped="0" tests="1" time="7.536" timestamp="2018-01-30T07:14:58">
  <properties>
[...]
</properties>
  <testcase classname="com.stevenckwong.rallyintegration.TestLoginGetNameService" name="test" time="7.333" />
  <system-out><![CDATA[Display Name: I'm Team Member 1 for B1
]]></system-out>
  <system-err><![CDATA[Starting ChromeDriver 2.33.506106 (8a06c39c4582fbfbab6966dbb1c38a9173bfb1a2) on port 10197
Only local connections are allowed.
Jan 30, 2018 4:15:00 PM org.openqa.selenium.remote.ProtocolHandshake createSession
INFO: Detected dialect: OSS
]]></system-err>
</testsuite>
